20-Feb-2024 06:19:57.475 INFO [main] org.apache.catalina.startup.VersionLoggerListener.log Server version name:   Apache Tomcat/10.1.18
20-Feb-2024 06:19:57.484 INFO [main] org.apache.catalina.startup.VersionLoggerListener.log Server built:          Jan 5 2024 14:39:40 UTC
20-Feb-2024 06:19:57.487 INFO [main] org.apache.catalina.startup.VersionLoggerListener.log Server version number: 10.1.18.0
20-Feb-2024 06:19:57.487 INFO [main] org.apache.catalina.startup.VersionLoggerListener.log OS Name:               Windows 11
20-Feb-2024 06:19:57.487 INFO [main] org.apache.catalina.startup.VersionLoggerListener.log OS Version:            10.0
20-Feb-2024 06:19:57.487 INFO [main] org.apache.catalina.startup.VersionLoggerListener.log Architecture:          amd64
20-Feb-2024 06:19:57.490 INFO [main] org.apache.catalina.startup.VersionLoggerListener.log Java Home:             C:\Users\plumaS\.jdks\jbr-17.0.9-4
20-Feb-2024 06:19:57.490 INFO [main] org.apache.catalina.startup.VersionLoggerListener.log JVM Version:           17.0.9+8-b1166.2
20-Feb-2024 06:19:57.490 INFO [main] org.apache.catalina.startup.VersionLoggerListener.log JVM Vendor:            JetBrains s.r.o.
20-Feb-2024 06:19:57.490 INFO [main] org.apache.catalina.startup.VersionLoggerListener.log CATALINA_BASE:         C:\Users\plumaS\IdeaProjects\car_dealership
20-Feb-2024 06:19:57.492 INFO [main] org.apache.catalina.startup.VersionLoggerListener.log CATALINA_HOME:         D:\doc\java\apache-tomcat-10.1.18-windows-x64\apache-tomcat-10.1.18
20-Feb-2024 06:19:57.581 INFO [main] org.apache.catalina.startup.VersionLoggerListener.log Command line argument: --add-opens=java.base/java.lang=ALL-UNNAMED
20-Feb-2024 06:19:57.581 INFO [main] org.apache.catalina.startup.VersionLoggerListener.log Command line argument: --add-opens=java.base/java.io=ALL-UNNAMED
20-Feb-2024 06:19:57.581 INFO [main] org.apache.catalina.startup.VersionLoggerListener.log Command line argument: --add-opens=java.base/java.util=ALL-UNNAMED
20-Feb-2024 06:19:57.583 INFO [main] org.apache.catalina.startup.VersionLoggerListener.log Command line argument: --add-opens=java.base/java.util.concurrent=ALL-UNNAMED
20-Feb-2024 06:19:57.583 INFO [main] org.apache.catalina.startup.VersionLoggerListener.log Command line argument: --add-opens=java.rmi/sun.rmi.transport=ALL-UNNAMED
20-Feb-2024 06:19:57.584 INFO [main] org.apache.catalina.startup.VersionLoggerListener.log Command line argument: -Dcatalina.home=D:\doc\java\apache-tomcat-10.1.18-windows-x64\apache-tomcat-10.1.18
20-Feb-2024 06:19:57.584 INFO [main] org.apache.catalina.startup.VersionLoggerListener.log Command line argument: -Dcatalina.base=C:\Users\plumaS\IdeaProjects\car_dealership
20-Feb-2024 06:19:57.584 INFO [main] org.apache.catalina.startup.VersionLoggerListener.log Command line argument: -Djava.io.tmpdir=C:\Users\plumaS\IdeaProjects\car_dealership\temp
20-Feb-2024 06:19:57.585 INFO [main] org.apache.catalina.startup.VersionLoggerListener.log Command line argument: -Djava.util.logging.config.file=C:\Users\plumaS\IdeaProjects\car_dealership\conf\logging.properties
20-Feb-2024 06:19:57.585 INFO [main] org.apache.catalina.startup.VersionLoggerListener.log Command line argument: -Djava.util.logging.manager=org.apache.juli.ClassLoaderLogManager
20-Feb-2024 06:19:57.587 INFO [main] org.apache.catalina.startup.VersionLoggerListener.log Command line argument: -javaagent:C:\Program Files\JetBrains\IntelliJ IDEA Community Edition 2023.2.4\lib\idea_rt.jar=55322:C:\Program Files\JetBrains\IntelliJ IDEA Community Edition 2023.2.4\bin
20-Feb-2024 06:19:57.588 INFO [main] org.apache.catalina.startup.VersionLoggerListener.log Command line argument: -Dfile.encoding=UTF-8
20-Feb-2024 06:19:57.707 INFO [main] org.apache.catalina.core.AprLifecycleListener.lifecycleEvent Loaded Apache Tomcat Native library [2.0.6] using APR version [1.7.4].
20-Feb-2024 06:19:57.795 INFO [main] org.apache.catalina.core.AprLifecycleListener.initializeSSL OpenSSL successfully initialized [OpenSSL 3.0.11 19 Sep 2023]
20-Feb-2024 06:19:58.464 INFO [main] org.apache.coyote.AbstractProtocol.init Initializing ProtocolHandler ["http-nio-8080"]
20-Feb-2024 06:19:58.518 INFO [main] org.apache.catalina.startup.Catalina.load Server initialization in [1706] milliseconds
20-Feb-2024 06:19:58.754 INFO [main] org.apache.catalina.core.StandardService.startInternal Starting service [Catalina]
20-Feb-2024 06:19:58.756 INFO [main] org.apache.catalina.core.StandardEngine.startInternal Starting Servlet engine: [Apache Tomcat/10.1.18]
20-Feb-2024 06:19:58.805 INFO [main] org.apache.catalina.startup.HostConfig.deployDescriptor Deploying deployment descriptor [C:\Users\plumaS\IdeaProjects\car_dealership\conf\Catalina\localhost\car_dealership.xml]
20-Feb-2024 06:20:00.329 INFO [main] org.apache.catalina.startup.HostConfig.deployDescriptor Deployment of deployment descriptor [C:\Users\plumaS\IdeaProjects\car_dealership\conf\Catalina\localhost\car_dealership.xml] has finished in [1,528] ms
20-Feb-2024 06:20:00.339 INFO [main] org.apache.coyote.AbstractProtocol.start Starting ProtocolHandler ["http-nio-8080"]
20-Feb-2024 06:20:00.485 INFO [main] org.apache.catalina.startup.Catalina.start Server startup in [1967] milliseconds
20-Feb-2024 06:20:44.698 INFO [Thread-1] org.apache.coyote.AbstractProtocol.pause Pausing ProtocolHandler ["http-nio-8080"]
20-Feb-2024 06:20:44.724 INFO [Thread-1] org.apache.catalina.core.StandardService.stopInternal Stopping service [Catalina]
20-Feb-2024 06:20:44.742 INFO [Thread-1] org.apache.coyote.AbstractProtocol.stop Stopping ProtocolHandler ["http-nio-8080"]
20-Feb-2024 06:20:44.754 INFO [Thread-1] org.apache.coyote.AbstractProtocol.destroy Destroying ProtocolHandler ["http-nio-8080"]
20-Feb-2024 11:51:45.254 INFO [main] org.apache.catalina.startup.VersionLoggerListener.log Server version name:   Apache Tomcat/10.1.18
20-Feb-2024 11:51:45.267 INFO [main] org.apache.catalina.startup.VersionLoggerListener.log Server built:          Jan 5 2024 14:39:40 UTC
20-Feb-2024 11:51:45.268 INFO [main] org.apache.catalina.startup.VersionLoggerListener.log Server version number: 10.1.18.0
20-Feb-2024 11:51:45.268 INFO [main] org.apache.catalina.startup.VersionLoggerListener.log OS Name:               Windows 11
20-Feb-2024 11:51:45.269 INFO [main] org.apache.catalina.startup.VersionLoggerListener.log OS Version:            10.0
20-Feb-2024 11:51:45.269 INFO [main] org.apache.catalina.startup.VersionLoggerListener.log Architecture:          amd64
20-Feb-2024 11:51:45.270 INFO [main] org.apache.catalina.startup.VersionLoggerListener.log Java Home:             C:\Users\plumaS\.jdks\jbr-17.0.9-4
20-Feb-2024 11:51:45.270 INFO [main] org.apache.catalina.startup.VersionLoggerListener.log JVM Version:           17.0.9+8-b1166.2
20-Feb-2024 11:51:45.271 INFO [main] org.apache.catalina.startup.VersionLoggerListener.log JVM Vendor:            JetBrains s.r.o.
20-Feb-2024 11:51:45.271 INFO [main] org.apache.catalina.startup.VersionLoggerListener.log CATALINA_BASE:         C:\Users\plumaS\IdeaProjects\car_dealership
20-Feb-2024 11:51:45.272 INFO [main] org.apache.catalina.startup.VersionLoggerListener.log CATALINA_HOME:         D:\doc\java\apache-tomcat-10.1.18-windows-x64\apache-tomcat-10.1.18
20-Feb-2024 11:51:45.345 INFO [main] org.apache.catalina.startup.VersionLoggerListener.log Command line argument: --add-opens=java.base/java.lang=ALL-UNNAMED
20-Feb-2024 11:51:45.345 INFO [main] org.apache.catalina.startup.VersionLoggerListener.log Command line argument: --add-opens=java.base/java.io=ALL-UNNAMED
20-Feb-2024 11:51:45.345 INFO [main] org.apache.catalina.startup.VersionLoggerListener.log Command line argument: --add-opens=java.base/java.util=ALL-UNNAMED
20-Feb-2024 11:51:45.346 INFO [main] org.apache.catalina.startup.VersionLoggerListener.log Command line argument: --add-opens=java.base/java.util.concurrent=ALL-UNNAMED
20-Feb-2024 11:51:45.346 INFO [main] org.apache.catalina.startup.VersionLoggerListener.log Command line argument: --add-opens=java.rmi/sun.rmi.transport=ALL-UNNAMED
20-Feb-2024 11:51:45.346 INFO [main] org.apache.catalina.startup.VersionLoggerListener.log Command line argument: -Dcatalina.home=D:\doc\java\apache-tomcat-10.1.18-windows-x64\apache-tomcat-10.1.18
20-Feb-2024 11:51:45.346 INFO [main] org.apache.catalina.startup.VersionLoggerListener.log Command line argument: -Dcatalina.base=C:\Users\plumaS\IdeaProjects\car_dealership
20-Feb-2024 11:51:45.347 INFO [main] org.apache.catalina.startup.VersionLoggerListener.log Command line argument: -Djava.io.tmpdir=C:\Users\plumaS\IdeaProjects\car_dealership\temp
20-Feb-2024 11:51:45.347 INFO [main] org.apache.catalina.startup.VersionLoggerListener.log Command line argument: -Djava.util.logging.config.file=C:\Users\plumaS\IdeaProjects\car_dealership\conf\logging.properties
20-Feb-2024 11:51:45.348 INFO [main] org.apache.catalina.startup.VersionLoggerListener.log Command line argument: -Djava.util.logging.manager=org.apache.juli.ClassLoaderLogManager
20-Feb-2024 11:51:45.348 INFO [main] org.apache.catalina.startup.VersionLoggerListener.log Command line argument: -javaagent:C:\Program Files\JetBrains\IntelliJ IDEA Community Edition 2023.2.4\lib\idea_rt.jar=53296:C:\Program Files\JetBrains\IntelliJ IDEA Community Edition 2023.2.4\bin
20-Feb-2024 11:51:45.349 INFO [main] org.apache.catalina.startup.VersionLoggerListener.log Command line argument: -Dfile.encoding=UTF-8
20-Feb-2024 11:51:45.423 INFO [main] org.apache.catalina.core.AprLifecycleListener.lifecycleEvent Loaded Apache Tomcat Native library [2.0.6] using APR version [1.7.4].
20-Feb-2024 11:51:45.494 INFO [main] org.apache.catalina.core.AprLifecycleListener.initializeSSL OpenSSL successfully initialized [OpenSSL 3.0.11 19 Sep 2023]
20-Feb-2024 11:51:46.007 INFO [main] org.apache.coyote.AbstractProtocol.init Initializing ProtocolHandler ["http-nio-8080"]
20-Feb-2024 11:51:46.046 INFO [main] org.apache.catalina.startup.Catalina.load Server initialization in [1422] milliseconds
20-Feb-2024 11:51:46.185 INFO [main] org.apache.catalina.core.StandardService.startInternal Starting service [Catalina]
20-Feb-2024 11:51:46.185 INFO [main] org.apache.catalina.core.StandardEngine.startInternal Starting Servlet engine: [Apache Tomcat/10.1.18]
20-Feb-2024 11:51:46.210 INFO [main] org.apache.catalina.startup.HostConfig.deployDescriptor Deploying deployment descriptor [C:\Users\plumaS\IdeaProjects\car_dealership\conf\Catalina\localhost\car_dealership.xml]
20-Feb-2024 11:51:47.363 INFO [main] org.apache.catalina.startup.HostConfig.deployDescriptor Deployment of deployment descriptor [C:\Users\plumaS\IdeaProjects\car_dealership\conf\Catalina\localhost\car_dealership.xml] has finished in [1,152] ms
20-Feb-2024 11:51:47.365 INFO [main] org.apache.catalina.startup.HostConfig.deployDirectory Deploying web application directory [C:\Users\plumaS\IdeaProjects\car_dealership\webapps\resources]
20-Feb-2024 11:51:47.403 INFO [main] org.apache.catalina.startup.HostConfig.deployDirectory Deployment of web application directory [C:\Users\plumaS\IdeaProjects\car_dealership\webapps\resources] has finished in [38] ms
20-Feb-2024 11:51:47.414 INFO [main] org.apache.coyote.AbstractProtocol.start Starting ProtocolHandler ["http-nio-8080"]
20-Feb-2024 11:51:47.536 INFO [main] org.apache.catalina.startup.Catalina.start Server startup in [1489] milliseconds
20-Feb-2024 11:52:53.769 INFO [Thread-1] org.apache.coyote.AbstractProtocol.pause Pausing ProtocolHandler ["http-nio-8080"]
20-Feb-2024 11:52:53.798 INFO [Thread-1] org.apache.catalina.core.StandardService.stopInternal Stopping service [Catalina]
20-Feb-2024 11:52:53.822 INFO [Thread-1] org.apache.coyote.AbstractProtocol.stop Stopping ProtocolHandler ["http-nio-8080"]
20-Feb-2024 11:52:53.838 INFO [Thread-1] org.apache.coyote.AbstractProtocol.destroy Destroying ProtocolHandler ["http-nio-8080"]
20-Feb-2024 11:54:39.741 INFO [main] org.apache.catalina.startup.VersionLoggerListener.log Server version name:   Apache Tomcat/10.1.18
20-Feb-2024 11:54:39.750 INFO [main] org.apache.catalina.startup.VersionLoggerListener.log Server built:          Jan 5 2024 14:39:40 UTC
20-Feb-2024 11:54:39.750 INFO [main] org.apache.catalina.startup.VersionLoggerListener.log Server version number: 10.1.18.0
20-Feb-2024 11:54:39.751 INFO [main] org.apache.catalina.startup.VersionLoggerListener.log OS Name:               Windows 11
20-Feb-2024 11:54:39.751 INFO [main] org.apache.catalina.startup.VersionLoggerListener.log OS Version:            10.0
20-Feb-2024 11:54:39.751 INFO [main] org.apache.catalina.startup.VersionLoggerListener.log Architecture:          amd64
20-Feb-2024 11:54:39.752 INFO [main] org.apache.catalina.startup.VersionLoggerListener.log Java Home:             C:\Users\plumaS\.jdks\jbr-17.0.9-4
20-Feb-2024 11:54:39.752 INFO [main] org.apache.catalina.startup.VersionLoggerListener.log JVM Version:           17.0.9+8-b1166.2
20-Feb-2024 11:54:39.752 INFO [main] org.apache.catalina.startup.VersionLoggerListener.log JVM Vendor:            JetBrains s.r.o.
20-Feb-2024 11:54:39.753 INFO [main] org.apache.catalina.startup.VersionLoggerListener.log CATALINA_BASE:         C:\Users\plumaS\IdeaProjects\car_dealership
20-Feb-2024 11:54:39.753 INFO [main] org.apache.catalina.startup.VersionLoggerListener.log CATALINA_HOME:         D:\doc\java\apache-tomcat-10.1.18-windows-x64\apache-tomcat-10.1.18
20-Feb-2024 11:54:39.773 INFO [main] org.apache.catalina.startup.VersionLoggerListener.log Command line argument: --add-opens=java.base/java.lang=ALL-UNNAMED
20-Feb-2024 11:54:39.774 INFO [main] org.apache.catalina.startup.VersionLoggerListener.log Command line argument: --add-opens=java.base/java.io=ALL-UNNAMED
20-Feb-2024 11:54:39.774 INFO [main] org.apache.catalina.startup.VersionLoggerListener.log Command line argument: --add-opens=java.base/java.util=ALL-UNNAMED
20-Feb-2024 11:54:39.774 INFO [main] org.apache.catalina.startup.VersionLoggerListener.log Command line argument: --add-opens=java.base/java.util.concurrent=ALL-UNNAMED
20-Feb-2024 11:54:39.776 INFO [main] org.apache.catalina.startup.VersionLoggerListener.log Command line argument: --add-opens=java.rmi/sun.rmi.transport=ALL-UNNAMED
20-Feb-2024 11:54:39.776 INFO [main] org.apache.catalina.startup.VersionLoggerListener.log Command line argument: -Dcatalina.home=D:\doc\java\apache-tomcat-10.1.18-windows-x64\apache-tomcat-10.1.18
20-Feb-2024 11:54:39.776 INFO [main] org.apache.catalina.startup.VersionLoggerListener.log Command line argument: -Dcatalina.base=C:\Users\plumaS\IdeaProjects\car_dealership
20-Feb-2024 11:54:39.776 INFO [main] org.apache.catalina.startup.VersionLoggerListener.log Command line argument: -Djava.io.tmpdir=C:\Users\plumaS\IdeaProjects\car_dealership\temp
20-Feb-2024 11:54:39.777 INFO [main] org.apache.catalina.startup.VersionLoggerListener.log Command line argument: -Djava.util.logging.config.file=C:\Users\plumaS\IdeaProjects\car_dealership\conf\logging.properties
20-Feb-2024 11:54:39.777 INFO [main] org.apache.catalina.startup.VersionLoggerListener.log Command line argument: -Djava.util.logging.manager=org.apache.juli.ClassLoaderLogManager
20-Feb-2024 11:54:39.778 INFO [main] org.apache.catalina.startup.VersionLoggerListener.log Command line argument: -javaagent:C:\Program Files\JetBrains\IntelliJ IDEA Community Edition 2023.2.4\lib\idea_rt.jar=53625:C:\Program Files\JetBrains\IntelliJ IDEA Community Edition 2023.2.4\bin
20-Feb-2024 11:54:39.778 INFO [main] org.apache.catalina.startup.VersionLoggerListener.log Command line argument: -Dfile.encoding=UTF-8
20-Feb-2024 11:54:39.784 INFO [main] org.apache.catalina.core.AprLifecycleListener.lifecycleEvent Loaded Apache Tomcat Native library [2.0.6] using APR version [1.7.4].
20-Feb-2024 11:54:39.795 INFO [main] org.apache.catalina.core.AprLifecycleListener.initializeSSL OpenSSL successfully initialized [OpenSSL 3.0.11 19 Sep 2023]
20-Feb-2024 11:54:40.232 INFO [main] org.apache.coyote.AbstractProtocol.init Initializing ProtocolHandler ["http-nio-8080"]
20-Feb-2024 11:54:40.260 INFO [main] org.apache.catalina.startup.Catalina.load Server initialization in [1010] milliseconds
20-Feb-2024 11:54:40.410 INFO [main] org.apache.catalina.core.StandardService.startInternal Starting service [Catalina]
20-Feb-2024 11:54:40.410 INFO [main] org.apache.catalina.core.StandardEngine.startInternal Starting Servlet engine: [Apache Tomcat/10.1.18]
20-Feb-2024 11:54:40.440 INFO [main] org.apache.catalina.startup.HostConfig.deployDescriptor Deploying deployment descriptor [C:\Users\plumaS\IdeaProjects\car_dealership\conf\Catalina\localhost\car_dealership.xml]
20-Feb-2024 11:54:41.463 INFO [main] org.apache.catalina.startup.HostConfig.deployDescriptor Deployment of deployment descriptor [C:\Users\plumaS\IdeaProjects\car_dealership\conf\Catalina\localhost\car_dealership.xml] has finished in [1,021] ms
20-Feb-2024 11:54:41.466 INFO [main] org.apache.catalina.startup.HostConfig.deployDirectory Deploying web application directory [C:\Users\plumaS\IdeaProjects\car_dealership\webapps\resources]
20-Feb-2024 11:54:41.509 INFO [main] org.apache.catalina.startup.HostConfig.deployDirectory Deployment of web application directory [C:\Users\plumaS\IdeaProjects\car_dealership\webapps\resources] has finished in [43] ms
20-Feb-2024 11:54:41.523 INFO [main] org.apache.coyote.AbstractProtocol.start Starting ProtocolHandler ["http-nio-8080"]
20-Feb-2024 11:54:41.645 INFO [main] org.apache.catalina.startup.Catalina.start Server startup in [1383] milliseconds
20-Feb-2024 11:56:44.398 INFO [Thread-1] org.apache.coyote.AbstractProtocol.pause Pausing ProtocolHandler ["http-nio-8080"]
20-Feb-2024 11:56:44.426 INFO [Thread-1] org.apache.catalina.core.StandardService.stopInternal Stopping service [Catalina]
20-Feb-2024 11:56:44.449 INFO [Thread-1] org.apache.coyote.AbstractProtocol.stop Stopping ProtocolHandler ["http-nio-8080"]
20-Feb-2024 11:56:44.464 INFO [Thread-1] org.apache.coyote.AbstractProtocol.destroy Destroying ProtocolHandler ["http-nio-8080"]
